<?xml version="1.0" encoding="UTF-8"?>
<testng-results ignored="0" total="1" passed="1" failed="0" skipped="0">
  <reporter-output>
  </reporter-output>
  <suite started-at="2024-09-08T19:55:56 IST" name="Default suite" finished-at="2024-09-08T19:56:46 IST" duration-ms="50772">
    <groups>
    </groups>
    <test started-at="2024-09-08T19:55:56 IST" name="Default test" finished-at="2024-09-08T19:56:46 IST" duration-ms="50772">
      <class name="ai.spyne.qa.testcases.ImageUpscalerPageTest">
        <test-method is-config="true" signature="setup()[pri:0, instance:ai.spyne.qa.testcases.ImageUpscalerPageTest@40a4337a]" started-at="2024-09-08T19:55:56 IST" name="setup" finished-at="2024-09-08T19:56:25 IST" duration-ms="29337" status="PASS">
          <reporter-output>
          </reporter-output>
        </test-method> <!-- setup -->
        <test-method signature="ImageScalerProcessTest()[pri:1, instance:ai.spyne.qa.testcases.ImageUpscalerPageTest@40a4337a]" started-at="2024-09-08T19:56:25 IST" name="ImageScalerProcessTest" finished-at="2024-09-08T19:56:46 IST" duration-ms="20501" status="PASS">
          <reporter-output>
          </reporter-output>
        </test-method> <!-- ImageScalerProcessTest -->
        <test-method is-config="true" signature="tearDown()[pri:0, instance:ai.spyne.qa.testcases.ImageUpscalerPageTest@40a4337a]" started-at="2024-09-08T19:56:46 IST" name="tearDown" finished-at="2024-09-08T19:56:46 IST" duration-ms="825" status="PASS">
          <reporter-output>
          </reporter-output>
        </test-method> <!-- tearDown -->
      </class> <!-- ai.spyne.qa.testcases.ImageUpscalerPageTest -->
    </test> <!-- Default test -->
  </suite> <!-- Default suite -->
</testng-results>
